<?xml version="1.0" encoding="UTF-8"?>
<testng-results ignored="0" total="1" passed="1" failed="0" skipped="0">
  <reporter-output>
  </reporter-output>
  <suite started-at="2023-05-17T09:59:01 IST" name="Default suite" finished-at="2023-05-17T09:59:16 IST" duration-ms="15236">
    <groups>
    </groups>
    <test started-at="2023-05-17T09:59:01 IST" name="Default test" finished-at="2023-05-17T09:59:16 IST" duration-ms="15236">
      <class name="radar.Maragatham">
        <test-method signature="reddy()[pri:0, instance:radar.Maragatham@485966cc]" started-at="2023-05-17T09:59:01 IST" name="reddy" finished-at="2023-05-17T09:59:16 IST" duration-ms="15181" status="PASS">
          <reporter-output>
          </reporter-output>
        </test-method> <!-- reddy -->
      </class> <!-- radar.Maragatham -->
    </test> <!-- Default test -->
  </suite> <!-- Default suite -->
</testng-results>
